<?xml version="1.0" encoding="UTF-8"?>
<!-- Generated by org.testng.reporters.JUnitXMLReporter -->
<testsuite ignored="2" hostname="Apples-MacBook-Air.local" failures="0" tests="1" name="Default test" time="146.859" errors="0" timestamp="2024-05-30T17:07:59 IST">
  <testcase classname="Testcases.UserLoginTests" name="testSuccessfulUserLogin" time="60.389"/>
  <testcase classname="Testcases.UserLoginTests" name="testSuccessfulUserLoginWithJSONData" time="0.0">
    <ignored/>
  </testcase> <!-- testSuccessfulUserLoginWithJSONData -->
  <testcase classname="Testcases.UserLoginTests" name="testSuccessfulUserLoginWithExcelData" time="0.0">
    <ignored/>
  </testcase> <!-- testSuccessfulUserLoginWithExcelData -->
</testsuite> <!-- Default test -->
