<?xml version="1.0" encoding="UTF-8"?>
<!-- Generated by org.testng.reporters.JUnitXMLReporter -->
<testsuite ignored="0" hostname="Apples-MacBook-Air.local" failures="0" tests="4" name="Test" time="97.931" errors="0" timestamp="2024-05-28T17:16:38 IST">
  <testcase classname="Testcases.UserLogoutCases" name="testSuccessfulUserLogout" time="19.658"/>
  <testcase classname="Testcases.UserLoginTests" name="testSuccessfulUserLogin" time="14.008"/>
  <testcase classname="Testcases.UserLoginTests" name="testSuccessfulUserLoginWithExcelData" time="9.89"/>
  <testcase classname="Testcases.UserLoginTests" name="testSuccessfulUserLoginWithJSONData" time="10.798"/>
</testsuite> <!-- Test -->
