<?xml version="1.0" encoding="UTF-8"?>
<!-- Generated by org.testng.reporters.JUnitXMLReporter -->
<testsuite ignored="0" hostname="Apples-MacBook-Air.local" failures="0" tests="4" name="Test" time="499.43" errors="0" timestamp="2024-05-30T17:16:39 IST">
  <testcase classname="Testcases.UserLogoutCases" name="testSuccessfulUserLogout" time="108.458"/>
  <testcase classname="Testcases.UserLoginTests" name="testSuccessfulUserLogin" time="60.625"/>
  <testcase classname="Testcases.UserLoginTests" name="testSuccessfulUserLoginWithExcelData" time="99.405"/>
  <testcase classname="Testcases.UserLoginTests" name="testSuccessfulUserLoginWithJSONData" time="12.809"/>
</testsuite> <!-- Test -->
